<?xml version="1.0" encoding="UTF-8"?>
<!-- Generated by org.testng.reporters.JUnitReportReporter -->
<testsuite hostname="FU-CORP002554" failures="0" tests="1" name="MouseandKeyOperations.MouseandKey" time="4.414" errors="0" timestamp="2023-12-05T14:53:11 IST" skipped="0">
  <testcase classname="MouseandKeyOperations.MouseandKey" name="test1" time="4.414"/>
</testsuite> <!-- MouseandKeyOperations.MouseandKey -->
