<?xml version="1.0" encoding="UTF-8"?>
<!-- Generated by org.testng.reporters.JUnitReportReporter -->
<testsuite hostname="FU-CORP002554" failures="0" tests="1" name="PracticeHere.WebdriverCommands" time="34.156" errors="0" timestamp="2023-12-06T15:43:32 IST" skipped="0">
  <testcase classname="PracticeHere.WebdriverCommands" name="Tc001" time="34.156"/>
</testsuite> <!-- PracticeHere.WebdriverCommands -->
